[debug] [2023-03-25T18:31:35.252Z] ----------------------------------------------------------------------
[debug] [2023-03-25T18:31:35.254Z] Command:       C:\Program Files\nodejs\node.exe C:\Users\DELL\AppData\Roaming\npm\node_modules\firebase-tools\lib\bin\firebase.js init
[debug] [2023-03-25T18:31:35.254Z] CLI Version:   11.25.1
[debug] [2023-03-25T18:31:35.254Z] Platform:      win32
[debug] [2023-03-25T18:31:35.254Z] Node Version:  v18.15.0
[debug] [2023-03-25T18:31:35.255Z] Time:          Sun Mar 26 2023 00:01:35 GMT+0530 (India Standard Time)
[debug] [2023-03-25T18:31:35.255Z] ----------------------------------------------------------------------
[debug] 
[debug] [2023-03-25T18:31:35.309Z] > command requires scopes: ["email","openid","https://www.googleapis.com/auth/cloudplatformprojects.readonly","https://www.googleapis.com/auth/firebase","https://www.googleapis.com/auth/cloud-platform"]
[debug] [2023-03-25T18:31:35.310Z] > authorizing via signed-in user (varadwangikar2002@gmail.com)
[info] 
     ######## #### ########  ######## ########     ###     ######  ########
     ##        ##  ##     ## ##       ##     ##  ##   ##  ##       ##
     ######    ##  ########  ######   ########  #########  ######  ######
     ##        ##  ##    ##  ##       ##     ## ##     ##       ## ##
     ##       #### ##     ## ######## ########  ##     ##  ######  ########

You're about to initialize a Firebase project in this directory:

  E:\portfolio

Before we get started, keep in mind:

  * You are initializing within an existing Firebase project directory

